# JRE version: OpenJDK Runtime Environment (11.0.11+9) (build 11.0.11+9-b60-7590822)
# Java VM: OpenJDK 64-Bit Server VM (11.0.11+9-b60-7590822, mixed mode, tiered, compressed oops, g1 gc, windows-amd64)
Heap:
 garbage-first heap   total 471040K, used 204557K [0x0000000080000000, 0x0000000100000000)
  region size 1024K, 2 young (2048K), 2 survivors (2048K)
 Metaspace       used 100422K, capacity 102791K, committed 102988K, reserved 1138688K
  class space    used 12904K, capacity 13787K, committed 13900K, reserved 1048576K
GC Heap History (20 events):
Event: 92.957 GC heap after
{Heap after GC invocations=31 (full 0):
 garbage-first heap   total 210944K, used 156236K [0x0000000080000000, 0x0000000100000000)
  region size 1024K, 5 young (5120K), 5 survivors (5120K)
 Metaspace       used 98449K, capacity 100881K, committed 101196K, reserved 1136640K
  class space    used 12634K, capacity 13523K, committed 13644K, reserved 1048576K
}
Event: 92.978 GC heap before
{Heap before GC invocations=31 (full 0):
 garbage-first heap   total 210944K, used 160332K [0x0000000080000000, 0x0000000100000000)
  region size 1024K, 10 young (10240K), 5 survivors (5120K)
 Metaspace       used 98452K, capacity 100881K, committed 101196K, reserved 1136640K
  class space    used 12634K, capacity 13523K, committed 13644K, reserved 1048576K
}
Event: 92.990 GC heap after
{Heap after GC invocations=32 (full 0):
 garbage-first heap   total 210944K, used 158942K [0x0000000080000000, 0x0000000100000000)
  region size 1024K, 2 young (2048K), 2 survivors (2048K)
 Metaspace       used 98452K, capacity 100881K, committed 101196K, reserved 1136640K
  class space    used 12634K, capacity 13523K, committed 13644K, reserved 1048576K
}
Event: 93.053 GC heap before
{Heap before GC invocations=32 (full 0):
 garbage-first heap   total 210944K, used 174302K [0x0000000080000000, 0x0000000100000000)
  region size 1024K, 17 young (17408K), 2 survivors (2048K)
 Metaspace       used 98466K, capacity 100883K, committed 101196K, reserved 1136640K
  class space    used 12634K, capacity 13523K, committed 13644K, reserved 1048576K
}
Event: 93.061 GC heap after
{Heap after GC invocations=33 (full 0):
 garbage-first heap   total 210944K, used 166890K [0x0000000080000000, 0x0000000100000000)
  region size 1024K, 3 young (3072K), 3 survivors (3072K)
 Metaspace       used 98466K, capacity 100883K, committed 101196K, reserved 1136640K
  class space    used 12634K, capacity 13523K, committed 13644K, reserved 1048576K
}
Event: 93.123 GC heap before
{Heap before GC invocations=33 (full 0):
 garbage-first heap   total 210944K, used 177130K [0x0000000080000000, 0x0000000100000000)
  region size 1024K, 13 young (13312K), 3 survivors (3072K)
 Metaspace       used 98475K, capacity 100884K, committed 101196K, reserved 1136640K
  class space    used 12634K, capacity 13523K, committed 13644K, reserved 1048576K
}
Event: 93.130 GC heap after
{Heap after GC invocations=34 (full 0):
 garbage-first heap   total 210944K, used 172349K [0x0000000080000000, 0x0000000100000000)
  region size 1024K, 2 young (2048K), 2 survivors (2048K)
 Metaspace       used 98475K, capacity 100884K, committed 101196K, reserved 1136640K
  class space    used 12634K, capacity 13523K, committed 13644K, reserved 1048576K
}
Event: 93.258 GC heap before
{Heap before GC invocations=34 (full 0):
 garbage-first heap   total 210944K, used 179517K [0x0000000080000000, 0x0000000100000000)
  region size 1024K, 10 young (10240K), 2 survivors (2048K)
 Metaspace       used 98510K, capacity 100948K, committed 101196K, reserved 1136640K
  class space    used 12634K, capacity 13523K, committed 13644K, reserved 1048576K
}
Event: 93.266 GC heap after
{Heap after GC invocations=35 (full 0):
 garbage-first heap   total 210944K, used 176886K [0x0000000080000000, 0x0000000100000000)
  region size 1024K, 2 young (2048K), 2 survivors (2048K)
 Metaspace       used 98510K, capacity 100948K, committed 101196K, reserved 1136640K
  class space    used 12634K, capacity 13523K, committed 13644K, reserved 1048576K
}
Event: 93.383 GC heap before
{Heap before GC invocations=35 (full 0):
 garbage-first heap   total 210944K, used 185078K [0x0000000080000000, 0x0000000100000000)
  region size 1024K, 10 young (10240K), 2 survivors (2048K)
 Metaspace       used 98481K, capacity 100899K, committed 101196K, reserved 1136640K
  class space    used 12624K, capacity 13504K, committed 13644K, reserved 1048576K
}
Event: 93.390 GC heap after
{Heap after GC invocations=36 (full 0):
 garbage-first heap   total 210944K, used 181227K [0x0000000080000000, 0x0000000100000000)
  region size 1024K, 2 young (2048K), 2 survivors (2048K)
 Metaspace       used 98481K, capacity 100899K, committed 101196K, reserved 1136640K
  class space    used 12624K, capacity 13504K, committed 13644K, reserved 1048576K
}
Event: 93.438 GC heap before
{Heap before GC invocations=36 (full 0):
 garbage-first heap   total 210944K, used 189419K [0x0000000080000000, 0x0000000100000000)
  region size 1024K, 10 young (10240K), 2 survivors (2048K)
 Metaspace       used 98482K, capacity 100899K, committed 101196K, reserved 1136640K
  class space    used 12624K, capacity 13504K, committed 13644K, reserved 1048576K
}
Event: 93.448 GC heap after
{Heap after GC invocations=37 (full 0):
 garbage-first heap   total 253952K, used 185946K [0x0000000080000000, 0x0000000100000000)
  region size 1024K, 2 young (2048K), 2 survivors (2048K)
 Metaspace       used 98482K, capacity 100899K, committed 101196K, reserved 1136640K
  class space    used 12624K, capacity 13504K, committed 13644K, reserved 1048576K
}
Event: 93.629 GC heap before
{Heap before GC invocations=38 (full 0):
 garbage-first heap   total 253952K, used 205402K [0x0000000080000000, 0x0000000100000000)
  region size 1024K, 21 young (21504K), 2 survivors (2048K)
 Metaspace       used 98482K, capacity 100899K, committed 101196K, reserved 1136640K
  class space    used 12624K, capacity 13504K, committed 13644K, reserved 1048576K
}
Event: 93.645 GC heap after
{Heap after GC invocations=39 (full 0):
 garbage-first heap   total 253952K, used 195992K [0x0000000080000000, 0x0000000100000000)
  region size 1024K, 3 young (3072K), 3 survivors (3072K)
 Metaspace       used 98482K, capacity 100899K, committed 101196K, reserved 1136640K
  class space    used 12624K, capacity 13504K, committed 13644K, reserved 1048576K
}
Event: 93.709 GC heap before
{Heap before GC invocations=39 (full 0):
 garbage-first heap   total 253952K, used 204184K [0x0000000080000000, 0x0000000100000000)
  region size 1024K, 12 young (12288K), 3 survivors (3072K)
 Metaspace       used 98485K, capacity 100899K, committed 101196K, reserved 1136640K
  class space    used 12625K, capacity 13504K, committed 13644K, reserved 1048576K
}
Event: 93.720 GC heap after
{Heap after GC invocations=40 (full 0):
 garbage-first heap   total 253952K, used 199580K [0x0000000080000000, 0x0000000100000000)
  region size 1024K, 2 young (2048K), 2 survivors (2048K)
 Metaspace       used 98485K, capacity 100899K, committed 101196K, reserved 1136640K
  class space    used 12625K, capacity 13504K, committed 13644K, reserved 1048576K
}
Event: 94.059 GC heap before
{Heap before GC invocations=40 (full 0):
 garbage-first heap   total 253952K, used 211868K [0x0000000080000000, 0x0000000100000000)
  region size 1024K, 14 young (14336K), 2 survivors (2048K)
 Metaspace       used 100419K, capacity 102791K, committed 102988K, reserved 1138688K
  class space    used 12904K, capacity 13787K, committed 13900K, reserved 1048576K
}
Event: 94.069 GC heap after
{Heap after GC invocations=41 (full 0):
 garbage-first heap   total 253952K, used 201779K [0x0000000080000000, 0x0000000100000000)
  region size 1024K, 2 young (2048K), 2 survivors (2048K)
 Metaspace       used 100419K, capacity 102791K, committed 102988K, reserved 1138688K
  class space    used 12904K, capacity 13787K, committed 13900K, reserved 1048576K
}
Event: 94.132 GC heap before
{Heap before GC invocations=41 (full 0):
 garbage-first heap   total 253952K, used 213043K [0x0000000080000000, 0x0000000100000000)
  region size 1024K, 13 young (13312K), 2 survivors (2048K)
 Metaspace       used 100422K, capacity 102791K, committed 102988K, reserved 1138688K
  class space    used 12904K, capacity 13787K, committed 13900K, reserved 1048576K
}

