# JRE version: OpenJDK Runtime Environment (11.0.11+9) (build 11.0.11+9-b60-7590822)
# Java VM: OpenJDK 64-Bit Server VM (11.0.11+9-b60-7590822, mixed mode, tiered, compressed oops, g1 gc, windows-amd64)
Heap:
 garbage-first heap   total 777216K, used 308224K [0x0000000080000000, 0x0000000100000000)
  region size 1024K, 6 young (6144K), 6 survivors (6144K)
 Metaspace       used 92596K, capacity 94924K, committed 95052K, reserved 1130496K
  class space    used 12167K, capacity 13060K, committed 13132K, reserved 1048576K
GC Heap History (20 events):
Event: 11.910 GC heap after
{Heap after GC invocations=27 (full 0):
 garbage-first heap   total 232448K, used 160916K [0x0000000080000000, 0x0000000100000000)
  region size 1024K, 6 young (6144K), 6 survivors (6144K)
 Metaspace       used 88329K, capacity 90549K, committed 90956K, reserved 1128448K
  class space    used 11430K, capacity 12250K, committed 12364K, reserved 1048576K
}
Event: 11.924 GC heap before
{Heap before GC invocations=27 (full 0):
 garbage-first heap   total 232448K, used 163988K [0x0000000080000000, 0x0000000100000000)
  region size 1024K, 10 young (10240K), 6 survivors (6144K)
 Metaspace       used 88329K, capacity 90549K, committed 90956K, reserved 1128448K
  class space    used 11430K, capacity 12250K, committed 12364K, reserved 1048576K
}
Event: 11.932 GC heap after
{Heap after GC invocations=28 (full 0):
 garbage-first heap   total 279552K, used 163470K [0x0000000080000000, 0x0000000100000000)
  region size 1024K, 2 young (2048K), 2 survivors (2048K)
 Metaspace       used 88329K, capacity 90549K, committed 90956K, reserved 1128448K
  class space    used 11430K, capacity 12250K, committed 12364K, reserved 1048576K
}
Event: 12.150 GC heap before
{Heap before GC invocations=28 (full 0):
 garbage-first heap   total 279552K, used 201358K [0x0000000080000000, 0x0000000100000000)
  region size 1024K, 37 young (37888K), 2 survivors (2048K)
 Metaspace       used 88330K, capacity 90549K, committed 90956K, reserved 1128448K
  class space    used 11430K, capacity 12250K, committed 12364K, reserved 1048576K
}
Event: 12.175 GC heap after
{Heap after GC invocations=29 (full 0):
 garbage-first heap   total 279552K, used 179200K [0x0000000080000000, 0x0000000100000000)
  region size 1024K, 5 young (5120K), 5 survivors (5120K)
 Metaspace       used 88330K, capacity 90549K, committed 90956K, reserved 1128448K
  class space    used 11430K, capacity 12250K, committed 12364K, reserved 1048576K
}
Event: 12.202 GC heap before
{Heap before GC invocations=30 (full 0):
 garbage-first heap   total 279552K, used 181248K [0x0000000080000000, 0x0000000100000000)
  region size 1024K, 9 young (9216K), 5 survivors (5120K)
 Metaspace       used 88347K, capacity 90549K, committed 90956K, reserved 1128448K
  class space    used 11431K, capacity 12250K, committed 12364K, reserved 1048576K
}
Event: 12.217 GC heap after
{Heap after GC invocations=31 (full 0):
 garbage-first heap   total 279552K, used 181891K [0x0000000080000000, 0x0000000100000000)
  region size 1024K, 3 young (3072K), 3 survivors (3072K)
 Metaspace       used 88347K, capacity 90549K, committed 90956K, reserved 1128448K
  class space    used 11431K, capacity 12250K, committed 12364K, reserved 1048576K
}
Event: 12.371 GC heap before
{Heap before GC invocations=31 (full 0):
 garbage-first heap   total 279552K, used 210563K [0x0000000080000000, 0x0000000100000000)
  region size 1024K, 28 young (28672K), 3 survivors (3072K)
 Metaspace       used 89757K, capacity 92110K, committed 92364K, reserved 1128448K
  class space    used 11777K, capacity 12651K, committed 12748K, reserved 1048576K
}
Event: 12.395 GC heap after
{Heap after GC invocations=32 (full 0):
 garbage-first heap   total 279552K, used 195259K [0x0000000080000000, 0x0000000100000000)
  region size 1024K, 4 young (4096K), 4 survivors (4096K)
 Metaspace       used 89757K, capacity 92110K, committed 92364K, reserved 1128448K
  class space    used 11777K, capacity 12651K, committed 12748K, reserved 1048576K
}
Event: 12.683 GC heap before
{Heap before GC invocations=33 (full 0):
 garbage-first heap   total 279552K, used 217787K [0x0000000080000000, 0x0000000100000000)
  region size 1024K, 26 young (26624K), 4 survivors (4096K)
 Metaspace       used 90661K, capacity 92988K, committed 93260K, reserved 1130496K
  class space    used 11912K, capacity 12789K, committed 12876K, reserved 1048576K
}
Event: 12.707 GC heap after
{Heap after GC invocations=34 (full 0):
 garbage-first heap   total 279552K, used 206129K [0x0000000080000000, 0x0000000100000000)
  region size 1024K, 4 young (4096K), 4 survivors (4096K)
 Metaspace       used 90661K, capacity 92988K, committed 93260K, reserved 1130496K
  class space    used 11912K, capacity 12789K, committed 12876K, reserved 1048576K
}
Event: 12.774 GC heap before
{Heap before GC invocations=34 (full 0):
 garbage-first heap   total 279552K, used 224561K [0x0000000080000000, 0x0000000100000000)
  region size 1024K, 22 young (22528K), 4 survivors (4096K)
 Metaspace       used 90666K, capacity 92988K, committed 93260K, reserved 1130496K
  class space    used 11912K, capacity 12789K, committed 12876K, reserved 1048576K
}
Event: 12.794 GC heap after
{Heap after GC invocations=35 (full 0):
 garbage-first heap   total 421888K, used 216064K [0x0000000080000000, 0x0000000100000000)
  region size 1024K, 3 young (3072K), 3 survivors (3072K)
 Metaspace       used 90666K, capacity 92988K, committed 93260K, reserved 1130496K
  class space    used 11912K, capacity 12789K, committed 12876K, reserved 1048576K
}
Event: 13.204 GC heap before
{Heap before GC invocations=35 (full 0):
 garbage-first heap   total 421888K, used 270336K [0x0000000080000000, 0x0000000100000000)
  region size 1024K, 59 young (60416K), 3 survivors (3072K)
 Metaspace       used 90637K, capacity 92904K, committed 93260K, reserved 1130496K
  class space    used 11894K, capacity 12755K, committed 12876K, reserved 1048576K
}
Event: 13.240 GC heap after
{Heap after GC invocations=36 (full 0):
 garbage-first heap   total 421888K, used 243712K [0x0000000080000000, 0x0000000100000000)
  region size 1024K, 8 young (8192K), 8 survivors (8192K)
 Metaspace       used 90637K, capacity 92904K, committed 93260K, reserved 1130496K
  class space    used 11894K, capacity 12755K, committed 12876K, reserved 1048576K
}
Event: 13.482 GC heap before
{Heap before GC invocations=37 (full 0):
 garbage-first heap   total 421888K, used 293888K [0x0000000080000000, 0x0000000100000000)
  region size 1024K, 58 young (59392K), 8 survivors (8192K)
 Metaspace       used 90637K, capacity 92904K, committed 93260K, reserved 1130496K
  class space    used 11894K, capacity 12755K, committed 12876K, reserved 1048576K
}
Event: 13.521 GC heap after
{Heap after GC invocations=38 (full 0):
 garbage-first heap   total 421888K, used 271328K [0x0000000080000000, 0x0000000100000000)
  region size 1024K, 8 young (8192K), 8 survivors (8192K)
 Metaspace       used 90637K, capacity 92904K, committed 93260K, reserved 1130496K
  class space    used 11894K, capacity 12755K, committed 12876K, reserved 1048576K
}
Event: 13.707 GC heap before
{Heap before GC invocations=38 (full 0):
 garbage-first heap   total 421888K, used 313312K [0x0000000080000000, 0x0000000100000000)
  region size 1024K, 50 young (51200K), 8 survivors (8192K)
 Metaspace       used 90640K, capacity 92904K, committed 93260K, reserved 1130496K
  class space    used 11894K, capacity 12755K, committed 12876K, reserved 1048576K
}
Event: 13.744 GC heap after
{Heap after GC invocations=39 (full 0):
 garbage-first heap   total 421888K, used 294912K [0x0000000080000000, 0x0000000100000000)
  region size 1024K, 7 young (7168K), 7 survivors (7168K)
 Metaspace       used 90640K, capacity 92904K, committed 93260K, reserved 1130496K
  class space    used 11894K, capacity 12755K, committed 12876K, reserved 1048576K
}
Event: 14.278 GC heap before
{Heap before GC invocations=39 (full 0):
 garbage-first heap   total 421888K, used 328704K [0x0000000080000000, 0x0000000100000000)
  region size 1024K, 41 young (41984K), 7 survivors (7168K)
 Metaspace       used 92596K, capacity 94924K, committed 95052K, reserved 1130496K
  class space    used 12167K, capacity 13060K, committed 13132K, reserved 1048576K
}

