# JRE version: OpenJDK Runtime Environment (11.0.11+9) (build 11.0.11+9-b60-7590822)
# Java VM: OpenJDK 64-Bit Server VM (11.0.11+9-b60-7590822, mixed mode, tiered, compressed oops, g1 gc, windows-amd64)
Heap:
 garbage-first heap   total 345088K, used 163357K [0x0000000080000000, 0x0000000100000000)
  region size 1024K, 4 young (4096K), 4 survivors (4096K)
 Metaspace       used 127850K, capacity 131268K, committed 131644K, reserved 1163264K
  class space    used 16023K, capacity 17284K, committed 17432K, reserved 1048576K
GC Heap History (20 events):
Event: 2551.825 GC heap after
{Heap after GC invocations=59 (full 0):
 garbage-first heap   total 187392K, used 147545K [0x0000000080000000, 0x0000000100000000)
  region size 1024K, 2 young (2048K), 2 survivors (2048K)
 Metaspace       used 122197K, capacity 125454K, committed 125756K, reserved 1159168K
  class space    used 15349K, capacity 16582K, committed 16664K, reserved 1048576K
}
Event: 2551.938 GC heap before
{Heap before GC invocations=59 (full 0):
 garbage-first heap   total 187392K, used 157785K [0x0000000080000000, 0x0000000100000000)
  region size 1024K, 10 young (10240K), 2 survivors (2048K)
 Metaspace       used 122222K, capacity 125518K, committed 125756K, reserved 1159168K
  class space    used 15350K, capacity 16582K, committed 16664K, reserved 1048576K
}
Event: 2551.947 GC heap after
{Heap after GC invocations=60 (full 0):
 garbage-first heap   total 187392K, used 155183K [0x0000000080000000, 0x0000000100000000)
  region size 1024K, 2 young (2048K), 2 survivors (2048K)
 Metaspace       used 122222K, capacity 125518K, committed 125756K, reserved 1159168K
  class space    used 15350K, capacity 16582K, committed 16664K, reserved 1048576K
}
Event: 2552.125 GC heap before
{Heap before GC invocations=60 (full 0):
 garbage-first heap   total 187392K, used 175663K [0x0000000080000000, 0x0000000100000000)
  region size 1024K, 9 young (9216K), 2 survivors (2048K)
 Metaspace       used 122868K, capacity 126244K, committed 126396K, reserved 1159168K
  class space    used 15427K, capacity 16668K, committed 16792K, reserved 1048576K
}
Event: 2552.131 GC heap after
{Heap after GC invocations=61 (full 0):
 garbage-first heap   total 187392K, used 154067K [0x0000000080000000, 0x0000000100000000)
  region size 1024K, 1 young (1024K), 1 survivors (1024K)
 Metaspace       used 122868K, capacity 126244K, committed 126396K, reserved 1159168K
  class space    used 15427K, capacity 16668K, committed 16792K, reserved 1048576K
}
Event: 2552.274 GC heap before
{Heap before GC invocations=62 (full 0):
 garbage-first heap   total 187392K, used 161235K [0x0000000080000000, 0x0000000100000000)
  region size 1024K, 9 young (9216K), 1 survivors (1024K)
 Metaspace       used 123897K, capacity 127219K, committed 127548K, reserved 1161216K
  class space    used 15527K, capacity 16770K, committed 16920K, reserved 1048576K
}
Event: 2552.278 GC heap after
{Heap after GC invocations=63 (full 0):
 garbage-first heap   total 187392K, used 154120K [0x0000000080000000, 0x0000000100000000)
  region size 1024K, 1 young (1024K), 1 survivors (1024K)
 Metaspace       used 123897K, capacity 127219K, committed 127548K, reserved 1161216K
  class space    used 15527K, capacity 16770K, committed 16920K, reserved 1048576K
}
Event: 2552.387 GC heap before
{Heap before GC invocations=63 (full 0):
 garbage-first heap   total 187392K, used 161288K [0x0000000080000000, 0x0000000100000000)
  region size 1024K, 9 young (9216K), 1 survivors (1024K)
 Metaspace       used 124365K, capacity 127720K, committed 128060K, reserved 1161216K
  class space    used 15585K, capacity 16807K, committed 16920K, reserved 1048576K
}
Event: 2552.397 GC heap after
{Heap after GC invocations=64 (full 0):
 garbage-first heap   total 187392K, used 150567K [0x0000000080000000, 0x0000000100000000)
  region size 1024K, 2 young (2048K), 2 survivors (2048K)
 Metaspace       used 124365K, capacity 127720K, committed 128060K, reserved 1161216K
  class space    used 15585K, capacity 16807K, committed 16920K, reserved 1048576K
}
Event: 2552.484 GC heap before
{Heap before GC invocations=64 (full 0):
 garbage-first heap   total 187392K, used 158759K [0x0000000080000000, 0x0000000100000000)
  region size 1024K, 11 young (11264K), 2 survivors (2048K)
 Metaspace       used 124484K, capacity 127850K, committed 128060K, reserved 1161216K
  class space    used 15590K, capacity 16807K, committed 16920K, reserved 1048576K
}
Event: 2552.490 GC heap after
{Heap after GC invocations=65 (full 0):
 garbage-first heap   total 187392K, used 151346K [0x0000000080000000, 0x0000000100000000)
  region size 1024K, 2 young (2048K), 2 survivors (2048K)
 Metaspace       used 124484K, capacity 127850K, committed 128060K, reserved 1161216K
  class space    used 15590K, capacity 16807K, committed 16920K, reserved 1048576K
}
Event: 2552.605 GC heap before
{Heap before GC invocations=65 (full 0):
 garbage-first heap   total 187392K, used 160562K [0x0000000080000000, 0x0000000100000000)
  region size 1024K, 11 young (11264K), 2 survivors (2048K)
 Metaspace       used 124545K, capacity 127921K, committed 128060K, reserved 1161216K
  class space    used 15599K, capacity 16846K, committed 16920K, reserved 1048576K
}
Event: 2552.622 GC heap after
{Heap after GC invocations=66 (full 0):
 garbage-first heap   total 229376K, used 153092K [0x0000000080000000, 0x0000000100000000)
  region size 1024K, 2 young (2048K), 2 survivors (2048K)
 Metaspace       used 124545K, capacity 127921K, committed 128060K, reserved 1161216K
  class space    used 15599K, capacity 16846K, committed 16920K, reserved 1048576K
}
Event: 2553.064 GC heap before
{Heap before GC invocations=66 (full 0):
 garbage-first heap   total 229376K, used 180740K [0x0000000080000000, 0x0000000100000000)
  region size 1024K, 30 young (30720K), 2 survivors (2048K)
 Metaspace       used 124930K, capacity 128304K, committed 128572K, reserved 1161216K
  class space    used 15626K, capacity 16855K, committed 16920K, reserved 1048576K
}
Event: 2553.069 GC heap after
{Heap after GC invocations=67 (full 0):
 garbage-first heap   total 229376K, used 155747K [0x0000000080000000, 0x0000000100000000)
  region size 1024K, 4 young (4096K), 4 survivors (4096K)
 Metaspace       used 124930K, capacity 128304K, committed 128572K, reserved 1161216K
  class space    used 15626K, capacity 16855K, committed 16920K, reserved 1048576K
}
Event: 2553.313 GC heap before
{Heap before GC invocations=67 (full 0):
 garbage-first heap   total 229376K, used 183395K [0x0000000080000000, 0x0000000100000000)
  region size 1024K, 32 young (32768K), 4 survivors (4096K)
 Metaspace       used 125893K, capacity 129294K, committed 129596K, reserved 1161216K
  class space    used 15773K, capacity 17034K, committed 17176K, reserved 1048576K
}
Event: 2553.321 GC heap after
{Heap after GC invocations=68 (full 0):
 garbage-first heap   total 229376K, used 157373K [0x0000000080000000, 0x0000000100000000)
  region size 1024K, 2 young (2048K), 2 survivors (2048K)
 Metaspace       used 125893K, capacity 129294K, committed 129596K, reserved 1161216K
  class space    used 15773K, capacity 17034K, committed 17176K, reserved 1048576K
}
Event: 2553.565 GC heap before
{Heap before GC invocations=68 (full 0):
 garbage-first heap   total 229376K, used 187069K [0x0000000080000000, 0x0000000100000000)
  region size 1024K, 31 young (31744K), 2 survivors (2048K)
 Metaspace       used 127128K, capacity 130522K, committed 130748K, reserved 1163264K
  class space    used 15933K, capacity 17186K, committed 17304K, reserved 1048576K
}
Event: 2553.570 GC heap after
{Heap after GC invocations=69 (full 0):
 garbage-first heap   total 229376K, used 160051K [0x0000000080000000, 0x0000000100000000)
  region size 1024K, 4 young (4096K), 4 survivors (4096K)
 Metaspace       used 127128K, capacity 130522K, committed 130748K, reserved 1163264K
  class space    used 15933K, capacity 17186K, committed 17304K, reserved 1048576K
}
Event: 2553.719 GC heap before
{Heap before GC invocations=69 (full 0):
 garbage-first heap   total 229376K, used 187699K [0x0000000080000000, 0x0000000100000000)
  region size 1024K, 32 young (32768K), 4 survivors (4096K)
 Metaspace       used 127850K, capacity 131268K, committed 131644K, reserved 1163264K
  class space    used 16023K, capacity 17284K, committed 17432K, reserved 1048576K
}

