# JRE version: OpenJDK Runtime Environment (11.0.11+9) (build 11.0.11+9-b60-7590822)
# Java VM: OpenJDK 64-Bit Server VM (11.0.11+9-b60-7590822, mixed mode, tiered, compressed oops, g1 gc, windows-amd64)
Heap:
 garbage-first heap   total 773120K, used 315392K [0x0000000080000000, 0x0000000100000000)
  region size 1024K, 6 young (6144K), 6 survivors (6144K)
 Metaspace       used 92913K, capacity 95300K, committed 95564K, reserved 1132544K
  class space    used 12211K, capacity 13117K, committed 13132K, reserved 1048576K
GC Heap History (20 events):
Event: 11.508 GC heap after
{Heap after GC invocations=23 (full 0):
 garbage-first heap   total 270336K, used 114851K [0x0000000080000000, 0x0000000100000000)
  region size 1024K, 9 young (9216K), 9 survivors (9216K)
 Metaspace       used 85846K, capacity 88230K, committed 88268K, reserved 1126400K
  class space    used 11097K, capacity 11965K, committed 11980K, reserved 1048576K
}
Event: 11.731 GC heap before
{Heap before GC invocations=24 (full 0):
 garbage-first heap   total 270336K, used 141475K [0x0000000080000000, 0x0000000100000000)
  region size 1024K, 22 young (22528K), 9 survivors (9216K)
 Metaspace       used 88206K, capacity 90426K, committed 91084K, reserved 1128448K
  class space    used 11410K, capacity 12247K, committed 12492K, reserved 1048576K
}
Event: 11.737 GC heap after
{Heap after GC invocations=25 (full 0):
 garbage-first heap   total 270336K, used 127302K [0x0000000080000000, 0x0000000100000000)
  region size 1024K, 3 young (3072K), 3 survivors (3072K)
 Metaspace       used 88206K, capacity 90426K, committed 91084K, reserved 1128448K
  class space    used 11410K, capacity 12247K, committed 12492K, reserved 1048576K
}
Event: 12.105 GC heap before
{Heap before GC invocations=26 (full 0):
 garbage-first heap   total 270336K, used 204102K [0x0000000080000000, 0x0000000100000000)
  region size 1024K, 49 young (50176K), 3 survivors (3072K)
 Metaspace       used 88435K, capacity 90661K, committed 91084K, reserved 1128448K
  class space    used 11434K, capacity 12282K, committed 12492K, reserved 1048576K
}
Event: 12.152 GC heap after
{Heap after GC invocations=27 (full 0):
 garbage-first heap   total 270336K, used 163000K [0x0000000080000000, 0x0000000100000000)
  region size 1024K, 11 young (11264K), 11 survivors (11264K)
 Metaspace       used 88435K, capacity 90661K, committed 91084K, reserved 1128448K
  class space    used 11434K, capacity 12282K, committed 12492K, reserved 1048576K
}
Event: 12.457 GC heap before
{Heap before GC invocations=28 (full 0):
 garbage-first heap   total 270336K, used 201912K [0x0000000080000000, 0x0000000100000000)
  region size 1024K, 48 young (49152K), 11 survivors (11264K)
 Metaspace       used 88453K, capacity 90725K, committed 91340K, reserved 1128448K
  class space    used 11435K, capacity 12282K, committed 12492K, reserved 1048576K
}
Event: 12.484 GC heap after
{Heap after GC invocations=29 (full 0):
 garbage-first heap   total 270336K, used 179399K [0x0000000080000000, 0x0000000100000000)
  region size 1024K, 8 young (8192K), 8 survivors (8192K)
 Metaspace       used 88453K, capacity 90725K, committed 91340K, reserved 1128448K
  class space    used 11435K, capacity 12282K, committed 12492K, reserved 1048576K
}
Event: 12.854 GC heap before
{Heap before GC invocations=30 (full 0):
 garbage-first heap   total 270336K, used 217287K [0x0000000080000000, 0x0000000100000000)
  region size 1024K, 42 young (43008K), 8 survivors (8192K)
 Metaspace       used 90670K, capacity 92958K, committed 93260K, reserved 1130496K
  class space    used 11906K, capacity 12772K, committed 12876K, reserved 1048576K
}
Event: 12.890 GC heap after
{Heap after GC invocations=31 (full 0):
 garbage-first heap   total 270336K, used 197906K [0x0000000080000000, 0x0000000100000000)
  region size 1024K, 6 young (6144K), 6 survivors (6144K)
 Metaspace       used 90670K, capacity 92958K, committed 93260K, reserved 1130496K
  class space    used 11906K, capacity 12772K, committed 12876K, reserved 1048576K
}
Event: 13.006 GC heap before
{Heap before GC invocations=31 (full 0):
 garbage-first heap   total 270336K, used 220434K [0x0000000080000000, 0x0000000100000000)
  region size 1024K, 29 young (29696K), 6 survivors (6144K)
 Metaspace       used 90734K, capacity 93025K, committed 93260K, reserved 1130496K
  class space    used 11906K, capacity 12772K, committed 12876K, reserved 1048576K
}
Event: 13.038 GC heap after
{Heap after GC invocations=32 (full 0):
 garbage-first heap   total 270336K, used 210944K [0x0000000080000000, 0x0000000100000000)
  region size 1024K, 4 young (4096K), 4 survivors (4096K)
 Metaspace       used 90734K, capacity 93025K, committed 93260K, reserved 1130496K
  class space    used 11906K, capacity 12772K, committed 12876K, reserved 1048576K
}
Event: 13.124 GC heap before
{Heap before GC invocations=32 (full 0):
 garbage-first heap   total 270336K, used 225280K [0x0000000080000000, 0x0000000100000000)
  region size 1024K, 19 young (19456K), 4 survivors (4096K)
 Metaspace       used 90749K, capacity 93028K, committed 93260K, reserved 1130496K
  class space    used 11906K, capacity 12772K, committed 12876K, reserved 1048576K
}
Event: 13.144 GC heap after
{Heap after GC invocations=33 (full 0):
 garbage-first heap   total 441344K, used 219822K [0x0000000080000000, 0x0000000100000000)
  region size 1024K, 3 young (3072K), 3 survivors (3072K)
 Metaspace       used 90749K, capacity 93028K, committed 93260K, reserved 1130496K
  class space    used 11906K, capacity 12772K, committed 12876K, reserved 1048576K
}
Event: 13.566 GC heap before
{Heap before GC invocations=33 (full 0):
 garbage-first heap   total 441344K, used 287406K [0x0000000080000000, 0x0000000100000000)
  region size 1024K, 71 young (72704K), 3 survivors (3072K)
 Metaspace       used 90757K, capacity 93028K, committed 93260K, reserved 1130496K
  class space    used 11907K, capacity 12772K, committed 12876K, reserved 1048576K
}
Event: 13.615 GC heap after
{Heap after GC invocations=34 (full 0):
 garbage-first heap   total 441344K, used 253952K [0x0000000080000000, 0x0000000100000000)
  region size 1024K, 9 young (9216K), 9 survivors (9216K)
 Metaspace       used 90757K, capacity 93028K, committed 93260K, reserved 1130496K
  class space    used 11907K, capacity 12772K, committed 12876K, reserved 1048576K
}
Event: 13.894 GC heap before
{Heap before GC invocations=35 (full 0):
 garbage-first heap   total 441344K, used 311296K [0x0000000080000000, 0x0000000100000000)
  region size 1024K, 66 young (67584K), 9 survivors (9216K)
 Metaspace       used 90787K, capacity 93092K, committed 93260K, reserved 1130496K
  class space    used 11907K, capacity 12772K, committed 12876K, reserved 1048576K
}
Event: 13.940 GC heap after
{Heap after GC invocations=36 (full 0):
 garbage-first heap   total 441344K, used 285184K [0x0000000080000000, 0x0000000100000000)
  region size 1024K, 9 young (9216K), 9 survivors (9216K)
 Metaspace       used 90787K, capacity 93092K, committed 93260K, reserved 1130496K
  class space    used 11907K, capacity 12772K, committed 12876K, reserved 1048576K
}
Event: 14.346 GC heap before
{Heap before GC invocations=36 (full 0):
 garbage-first heap   total 441344K, used 331264K [0x0000000080000000, 0x0000000100000000)
  region size 1024K, 55 young (56320K), 9 survivors (9216K)
 Metaspace       used 92664K, capacity 95008K, committed 95052K, reserved 1130496K
  class space    used 12179K, capacity 13088K, committed 13132K, reserved 1048576K
}
Event: 14.381 GC heap after
{Heap after GC invocations=37 (full 0):
 garbage-first heap   total 441344K, used 304640K [0x0000000080000000, 0x0000000100000000)
  region size 1024K, 7 young (7168K), 7 survivors (7168K)
 Metaspace       used 92664K, capacity 95008K, committed 95052K, reserved 1130496K
  class space    used 12179K, capacity 13088K, committed 13132K, reserved 1048576K
}
Event: 14.634 GC heap before
{Heap before GC invocations=37 (full 0):
 garbage-first heap   total 441344K, used 345600K [0x0000000080000000, 0x0000000100000000)
  region size 1024K, 47 young (48128K), 7 survivors (7168K)
 Metaspace       used 92913K, capacity 95300K, committed 95564K, reserved 1132544K
  class space    used 12211K, capacity 13117K, committed 13132K, reserved 1048576K
}

