# JRE version: OpenJDK Runtime Environment (11.0.11+9) (build 11.0.11+9-b60-7590822)
# Java VM: OpenJDK 64-Bit Server VM (11.0.11+9-b60-7590822, mixed mode, tiered, compressed oops, g1 gc, windows-amd64)
Heap:
 garbage-first heap   total 728064K, used 276797K [0x0000000080000000, 0x0000000100000000)
  region size 1024K, 4 young (4096K), 4 survivors (4096K)
 Metaspace       used 137980K, capacity 141932K, committed 142152K, reserved 1173504K
  class space    used 17558K, capacity 19085K, committed 19200K, reserved 1048576K
GC Heap History (20 events):
Event: 76.351 GC heap after
{Heap after GC invocations=58 (full 0):
 garbage-first heap   total 270336K, used 155286K [0x0000000080000000, 0x0000000100000000)
  region size 1024K, 2 young (2048K), 2 survivors (2048K)
 Metaspace       used 134860K, capacity 138581K, committed 138824K, reserved 1169408K
  class space    used 17245K, capacity 18669K, committed 18688K, reserved 1048576K
}
Event: 76.454 GC heap before
{Heap before GC invocations=58 (full 0):
 garbage-first heap   total 270336K, used 218774K [0x0000000080000000, 0x0000000100000000)
  region size 1024K, 64 young (65536K), 2 survivors (2048K)
 Metaspace       used 134872K, capacity 138582K, committed 138824K, reserved 1169408K
  class space    used 17245K, capacity 18669K, committed 18688K, reserved 1048576K
}
Event: 76.456 GC heap after
{Heap after GC invocations=59 (full 0):
 garbage-first heap   total 270336K, used 155585K [0x0000000080000000, 0x0000000100000000)
  region size 1024K, 2 young (2048K), 2 survivors (2048K)
 Metaspace       used 134872K, capacity 138582K, committed 138824K, reserved 1169408K
  class space    used 17245K, capacity 18669K, committed 18688K, reserved 1048576K
}
Event: 76.908 GC heap before
{Heap before GC invocations=59 (full 0):
 garbage-first heap   total 270336K, used 246721K [0x0000000080000000, 0x0000000100000000)
  region size 1024K, 65 young (66560K), 2 survivors (2048K)
 Metaspace       used 135825K, capacity 139669K, committed 139976K, reserved 1171456K
  class space    used 17337K, capacity 18755K, committed 18816K, reserved 1048576K
}
Event: 76.913 GC heap after
{Heap after GC invocations=60 (full 0):
 garbage-first heap   total 270336K, used 182437K [0x0000000080000000, 0x0000000100000000)
  region size 1024K, 8 young (8192K), 8 survivors (8192K)
 Metaspace       used 135825K, capacity 139669K, committed 139976K, reserved 1171456K
  class space    used 17337K, capacity 18755K, committed 18816K, reserved 1048576K
}
Event: 77.263 GC heap before
{Heap before GC invocations=61 (full 0):
 garbage-first heap   total 270336K, used 235685K [0x0000000080000000, 0x0000000100000000)
  region size 1024K, 52 young (53248K), 8 survivors (8192K)
 Metaspace       used 135940K, capacity 139752K, committed 139976K, reserved 1171456K
  class space    used 17344K, capacity 18758K, committed 18816K, reserved 1048576K
}
Event: 77.283 GC heap after
{Heap after GC invocations=62 (full 0):
 garbage-first heap   total 270336K, used 203105K [0x0000000080000000, 0x0000000100000000)
  region size 1024K, 7 young (7168K), 7 survivors (7168K)
 Metaspace       used 135940K, capacity 139752K, committed 139976K, reserved 1171456K
  class space    used 17344K, capacity 18758K, committed 18816K, reserved 1048576K
}
Event: 77.338 GC heap before
{Heap before GC invocations=62 (full 0):
 garbage-first heap   total 270336K, used 210273K [0x0000000080000000, 0x0000000100000000)
  region size 1024K, 13 young (13312K), 7 survivors (7168K)
 Metaspace       used 136246K, capacity 140141K, committed 140360K, reserved 1171456K
  class space    used 17394K, capacity 18827K, committed 18944K, reserved 1048576K
}
Event: 77.355 GC heap after
{Heap after GC invocations=63 (full 0):
 garbage-first heap   total 270336K, used 201728K [0x0000000080000000, 0x0000000100000000)
  region size 1024K, 2 young (2048K), 2 survivors (2048K)
 Metaspace       used 136246K, capacity 140141K, committed 140360K, reserved 1171456K
  class space    used 17394K, capacity 18827K, committed 18944K, reserved 1048576K
}
Event: 77.454 GC heap before
{Heap before GC invocations=63 (full 0):
 garbage-first heap   total 270336K, used 226304K [0x0000000080000000, 0x0000000100000000)
  region size 1024K, 26 young (26624K), 2 survivors (2048K)
 Metaspace       used 136371K, capacity 140210K, committed 140360K, reserved 1171456K
  class space    used 17394K, capacity 18827K, committed 18944K, reserved 1048576K
}
Event: 77.470 GC heap after
{Heap after GC invocations=64 (full 0):
 garbage-first heap   total 270336K, used 215040K [0x0000000080000000, 0x0000000100000000)
  region size 1024K, 4 young (4096K), 4 survivors (4096K)
 Metaspace       used 136371K, capacity 140210K, committed 140360K, reserved 1171456K
  class space    used 17394K, capacity 18827K, committed 18944K, reserved 1048576K
}
Event: 77.512 GC heap before
{Heap before GC invocations=64 (full 0):
 garbage-first heap   total 270336K, used 227328K [0x0000000080000000, 0x0000000100000000)
  region size 1024K, 17 young (17408K), 4 survivors (4096K)
 Metaspace       used 136427K, capacity 140280K, committed 140616K, reserved 1171456K
  class space    used 17394K, capacity 18827K, committed 18944K, reserved 1048576K
}
Event: 77.534 GC heap after
{Heap after GC invocations=65 (full 0):
 garbage-first heap   total 430080K, used 222945K [0x0000000080000000, 0x0000000100000000)
  region size 1024K, 3 young (3072K), 3 survivors (3072K)
 Metaspace       used 136427K, capacity 140280K, committed 140616K, reserved 1171456K
  class space    used 17394K, capacity 18827K, committed 18944K, reserved 1048576K
}
Event: 77.791 GC heap before
{Heap before GC invocations=65 (full 0):
 garbage-first heap   total 430080K, used 286433K [0x0000000080000000, 0x0000000100000000)
  region size 1024K, 66 young (67584K), 3 survivors (3072K)
 Metaspace       used 136572K, capacity 140429K, committed 140616K, reserved 1171456K
  class space    used 17401K, capacity 18830K, committed 18944K, reserved 1048576K
}
Event: 77.818 GC heap after
{Heap after GC invocations=66 (full 0):
 garbage-first heap   total 430080K, used 254574K [0x0000000080000000, 0x0000000100000000)
  region size 1024K, 9 young (9216K), 9 survivors (9216K)
 Metaspace       used 136572K, capacity 140429K, committed 140616K, reserved 1171456K
  class space    used 17401K, capacity 18830K, committed 18944K, reserved 1048576K
}
Event: 78.062 GC heap before
{Heap before GC invocations=66 (full 0):
 garbage-first heap   total 430080K, used 307822K [0x0000000080000000, 0x0000000100000000)
  region size 1024K, 62 young (63488K), 9 survivors (9216K)
 Metaspace       used 137432K, capacity 141438K, committed 141512K, reserved 1171456K
  class space    used 17515K, capacity 19012K, committed 19072K, reserved 1048576K
}
Event: 78.086 GC heap after
{Heap after GC invocations=67 (full 0):
 garbage-first heap   total 430080K, used 265727K [0x0000000080000000, 0x0000000100000000)
  region size 1024K, 8 young (8192K), 8 survivors (8192K)
 Metaspace       used 137432K, capacity 141438K, committed 141512K, reserved 1171456K
  class space    used 17515K, capacity 19012K, committed 19072K, reserved 1048576K
}
Event: 78.245 GC heap before
{Heap before GC invocations=67 (full 0):
 garbage-first heap   total 430080K, used 318975K [0x0000000080000000, 0x0000000100000000)
  region size 1024K, 61 young (62464K), 8 survivors (8192K)
 Metaspace       used 137740K, capacity 141754K, committed 142024K, reserved 1173504K
  class space    used 17533K, capacity 19048K, committed 19072K, reserved 1048576K
}
Event: 78.262 GC heap after
{Heap after GC invocations=68 (full 0):
 garbage-first heap   total 430080K, used 273307K [0x0000000080000000, 0x0000000100000000)
  region size 1024K, 7 young (7168K), 7 survivors (7168K)
 Metaspace       used 137740K, capacity 141754K, committed 142024K, reserved 1173504K
  class space    used 17533K, capacity 19048K, committed 19072K, reserved 1048576K
}
Event: 78.446 GC heap before
{Heap before GC invocations=68 (full 0):
 garbage-first heap   total 430080K, used 329627K [0x0000000080000000, 0x0000000100000000)
  region size 1024K, 61 young (62464K), 7 survivors (7168K)
 Metaspace       used 137980K, capacity 141932K, committed 142152K, reserved 1173504K
  class space    used 17558K, capacity 19085K, committed 19200K, reserved 1048576K
}

