# JRE version: OpenJDK Runtime Environment (11.0.11+9) (build 11.0.11+9-b60-7590822)
# Java VM: OpenJDK 64-Bit Server VM (11.0.11+9-b60-7590822, mixed mode, tiered, compressed oops, g1 gc, windows-amd64)
Heap:
 garbage-first heap   total 694272K, used 268288K [0x0000000080000000, 0x0000000100000000)
  region size 1024K, 4 young (4096K), 4 survivors (4096K)
 Metaspace       used 90765K, capacity 93107K, committed 93260K, reserved 1130496K
  class space    used 11909K, capacity 12778K, committed 12876K, reserved 1048576K
GC Heap History (20 events):
Event: 12.320 GC heap after
{Heap after GC invocations=22 (full 0):
 garbage-first heap   total 225280K, used 100838K [0x0000000080000000, 0x0000000100000000)
  region size 1024K, 9 young (9216K), 9 survivors (9216K)
 Metaspace       used 85857K, capacity 88233K, committed 88268K, reserved 1126400K
  class space    used 11104K, capacity 11966K, committed 11980K, reserved 1048576K
}
Event: 12.345 GC heap before
{Heap before GC invocations=22 (full 0):
 garbage-first heap   total 225280K, used 112102K [0x0000000080000000, 0x0000000100000000)
  region size 1024K, 14 young (14336K), 9 survivors (9216K)
 Metaspace       used 85862K, capacity 88233K, committed 88268K, reserved 1126400K
  class space    used 11104K, capacity 11966K, committed 11980K, reserved 1048576K
}
Event: 12.352 GC heap after
{Heap after GC invocations=23 (full 0):
 garbage-first heap   total 225280K, used 113661K [0x0000000080000000, 0x0000000100000000)
  region size 1024K, 5 young (5120K), 5 survivors (5120K)
 Metaspace       used 85862K, capacity 88233K, committed 88268K, reserved 1126400K
  class space    used 11104K, capacity 11966K, committed 11980K, reserved 1048576K
}
Event: 12.551 GC heap before
{Heap before GC invocations=24 (full 0):
 garbage-first heap   total 225280K, used 127997K [0x0000000080000000, 0x0000000100000000)
  region size 1024K, 15 young (15360K), 5 survivors (5120K)
 Metaspace       used 87892K, capacity 90119K, committed 90700K, reserved 1128448K
  class space    used 11361K, capacity 12207K, committed 12364K, reserved 1048576K
}
Event: 12.555 GC heap after
{Heap after GC invocations=25 (full 0):
 garbage-first heap   total 225280K, used 119845K [0x0000000080000000, 0x0000000100000000)
  region size 1024K, 6 young (6144K), 6 survivors (6144K)
 Metaspace       used 87892K, capacity 90119K, committed 90700K, reserved 1128448K
  class space    used 11361K, capacity 12207K, committed 12364K, reserved 1048576K
}
Event: 12.862 GC heap before
{Heap before GC invocations=26 (full 0):
 garbage-first heap   total 225280K, used 209957K [0x0000000080000000, 0x0000000100000000)
  region size 1024K, 54 young (55296K), 6 survivors (6144K)
 Metaspace       used 88398K, capacity 90595K, committed 91084K, reserved 1128448K
  class space    used 11432K, capacity 12282K, committed 12492K, reserved 1048576K
}
Event: 12.920 GC heap after
{Heap after GC invocations=27 (full 0):
 garbage-first heap   total 239616K, used 162773K [0x0000000080000000, 0x0000000100000000)
  region size 1024K, 7 young (7168K), 7 survivors (7168K)
 Metaspace       used 88398K, capacity 90595K, committed 91084K, reserved 1128448K
  class space    used 11432K, capacity 12282K, committed 12492K, reserved 1048576K
}
Event: 13.107 GC heap before
{Heap before GC invocations=27 (full 0):
 garbage-first heap   total 239616K, used 193493K [0x0000000080000000, 0x0000000100000000)
  region size 1024K, 36 young (36864K), 7 survivors (7168K)
 Metaspace       used 88400K, capacity 90595K, committed 91084K, reserved 1128448K
  class space    used 11432K, capacity 12282K, committed 12492K, reserved 1048576K
}
Event: 13.134 GC heap after
{Heap after GC invocations=28 (full 0):
 garbage-first heap   total 239616K, used 175009K [0x0000000080000000, 0x0000000100000000)
  region size 1024K, 5 young (5120K), 5 survivors (5120K)
 Metaspace       used 88400K, capacity 90595K, committed 91084K, reserved 1128448K
  class space    used 11432K, capacity 12282K, committed 12492K, reserved 1048576K
}
Event: 13.189 GC heap before
{Heap before GC invocations=29 (full 0):
 garbage-first heap   total 239616K, used 183201K [0x0000000080000000, 0x0000000100000000)
  region size 1024K, 15 young (15360K), 5 survivors (5120K)
 Metaspace       used 88417K, capacity 90659K, committed 91084K, reserved 1128448K
  class space    used 11433K, capacity 12282K, committed 12492K, reserved 1048576K
}
Event: 13.208 GC heap after
{Heap after GC invocations=30 (full 0):
 garbage-first heap   total 239616K, used 180224K [0x0000000080000000, 0x0000000100000000)
  region size 1024K, 4 young (4096K), 4 survivors (4096K)
 Metaspace       used 88417K, capacity 90659K, committed 91084K, reserved 1128448K
  class space    used 11433K, capacity 12282K, committed 12492K, reserved 1048576K
}
Event: 13.305 GC heap before
{Heap before GC invocations=30 (full 0):
 garbage-first heap   total 239616K, used 198656K [0x0000000080000000, 0x0000000100000000)
  region size 1024K, 19 young (19456K), 4 survivors (4096K)
 Metaspace       used 88417K, capacity 90659K, committed 91084K, reserved 1128448K
  class space    used 11433K, capacity 12282K, committed 12492K, reserved 1048576K
}
Event: 13.329 GC heap after
{Heap after GC invocations=31 (full 0):
 garbage-first heap   total 347136K, used 190958K [0x0000000080000000, 0x0000000100000000)
  region size 1024K, 3 young (3072K), 3 survivors (3072K)
 Metaspace       used 88417K, capacity 90659K, committed 91084K, reserved 1128448K
  class space    used 11433K, capacity 12282K, committed 12492K, reserved 1048576K
}
Event: 13.803 GC heap before
{Heap before GC invocations=32 (full 0):
 garbage-first heap   total 347136K, used 242158K [0x0000000080000000, 0x0000000100000000)
  region size 1024K, 53 young (54272K), 3 survivors (3072K)
 Metaspace       used 90713K, capacity 93038K, committed 93260K, reserved 1130496K
  class space    used 11908K, capacity 12778K, committed 12876K, reserved 1048576K
}
Event: 13.850 GC heap after
{Heap after GC invocations=33 (full 0):
 garbage-first heap   total 347136K, used 214016K [0x0000000080000000, 0x0000000100000000)
  region size 1024K, 7 young (7168K), 7 survivors (7168K)
 Metaspace       used 90713K, capacity 93038K, committed 93260K, reserved 1130496K
  class space    used 11908K, capacity 12778K, committed 12876K, reserved 1048576K
}
Event: 14.068 GC heap before
{Heap before GC invocations=33 (full 0):
 garbage-first heap   total 347136K, used 257024K [0x0000000080000000, 0x0000000100000000)
  region size 1024K, 49 young (50176K), 7 survivors (7168K)
 Metaspace       used 90728K, capacity 93041K, committed 93260K, reserved 1130496K
  class space    used 11909K, capacity 12778K, committed 12876K, reserved 1048576K
}
Event: 14.126 GC heap after
{Heap after GC invocations=34 (full 0):
 garbage-first heap   total 347136K, used 236925K [0x0000000080000000, 0x0000000100000000)
  region size 1024K, 7 young (7168K), 7 survivors (7168K)
 Metaspace       used 90728K, capacity 93041K, committed 93260K, reserved 1130496K
  class space    used 11909K, capacity 12778K, committed 12876K, reserved 1048576K
}
Event: 14.389 GC heap before
{Heap before GC invocations=34 (full 0):
 garbage-first heap   total 347136K, used 268669K [0x0000000080000000, 0x0000000100000000)
  region size 1024K, 39 young (39936K), 7 survivors (7168K)
 Metaspace       used 90762K, capacity 93105K, committed 93260K, reserved 1130496K
  class space    used 11909K, capacity 12778K, committed 12876K, reserved 1048576K
}
Event: 14.417 GC heap after
{Heap after GC invocations=35 (full 0):
 garbage-first heap   total 347136K, used 255980K [0x0000000080000000, 0x0000000100000000)
  region size 1024K, 5 young (5120K), 5 survivors (5120K)
 Metaspace       used 90762K, capacity 93105K, committed 93260K, reserved 1130496K
  class space    used 11909K, capacity 12778K, committed 12876K, reserved 1048576K
}
Event: 14.709 GC heap before
{Heap before GC invocations=35 (full 0):
 garbage-first heap   total 347136K, used 277484K [0x0000000080000000, 0x0000000100000000)
  region size 1024K, 29 young (29696K), 5 survivors (5120K)
 Metaspace       used 90765K, capacity 93107K, committed 93260K, reserved 1130496K
  class space    used 11909K, capacity 12778K, committed 12876K, reserved 1048576K
}

