# JRE version: OpenJDK Runtime Environment (11.0.11+9) (build 11.0.11+9-b60-7590822)
# Java VM: OpenJDK 64-Bit Server VM (11.0.11+9-b60-7590822, mixed mode, tiered, compressed oops, g1 gc, windows-amd64)
Heap:
 garbage-first heap   total 155648K, used 114299K [0x0000000080000000, 0x0000000100000000)
  region size 1024K, 59 young (60416K), 8 survivors (8192K)
 Metaspace       used 54030K, capacity 55671K, committed 55880K, reserved 1097728K
  class space    used 7011K, capacity 7567K, committed 7680K, reserved 1048576K
GC Heap History (20 events):
Event: 0.501 GC heap before
{Heap before GC invocations=0 (full 0):
 garbage-first heap   total 129024K, used 29696K [0x0000000080000000, 0x0000000100000000)
  region size 1024K, 24 young (24576K), 0 survivors (0K)
 Metaspace       used 9843K, capacity 10050K, committed 10112K, reserved 1058816K
  class space    used 1028K, capacity 1102K, committed 1152K, reserved 1048576K
}
Event: 0.506 GC heap after
{Heap after GC invocations=1 (full 0):
 garbage-first heap   total 129024K, used 9034K [0x0000000080000000, 0x0000000100000000)
  region size 1024K, 3 young (3072K), 3 survivors (3072K)
 Metaspace       used 9843K, capacity 10050K, committed 10112K, reserved 1058816K
  class space    used 1028K, capacity 1102K, committed 1152K, reserved 1048576K
}
Event: 1.676 GC heap before
{Heap before GC invocations=1 (full 0):
 garbage-first heap   total 129024K, used 82762K [0x0000000080000000, 0x0000000100000000)
  region size 1024K, 75 young (76800K), 3 survivors (3072K)
 Metaspace       used 17887K, capacity 18291K, committed 18432K, reserved 1064960K
  class space    used 2110K, capacity 2266K, committed 2304K, reserved 1048576K
}
Event: 1.683 GC heap after
{Heap after GC invocations=2 (full 0):
 garbage-first heap   total 129024K, used 16826K [0x0000000080000000, 0x0000000100000000)
  region size 1024K, 10 young (10240K), 10 survivors (10240K)
 Metaspace       used 17887K, capacity 18291K, committed 18432K, reserved 1064960K
  class space    used 2110K, capacity 2266K, committed 2304K, reserved 1048576K
}
Event: 1.847 GC heap before
{Heap before GC invocations=2 (full 0):
 garbage-first heap   total 129024K, used 40378K [0x0000000080000000, 0x0000000100000000)
  region size 1024K, 34 young (34816K), 10 survivors (10240K)
 Metaspace       used 20653K, capacity 21112K, committed 21296K, reserved 1069056K
  class space    used 2525K, capacity 2674K, committed 2688K, reserved 1048576K
}
Event: 1.853 GC heap after
{Heap after GC invocations=3 (full 0):
 garbage-first heap   total 129024K, used 17456K [0x0000000080000000, 0x0000000100000000)
  region size 1024K, 2 young (2048K), 2 survivors (2048K)
 Metaspace       used 20653K, capacity 21112K, committed 21296K, reserved 1069056K
  class space    used 2525K, capacity 2674K, committed 2688K, reserved 1048576K
}
Event: 2.226 GC heap before
{Heap before GC invocations=4 (full 0):
 garbage-first heap   total 129024K, used 65584K [0x0000000080000000, 0x0000000100000000)
  region size 1024K, 49 young (50176K), 2 survivors (2048K)
 Metaspace       used 25485K, capacity 26073K, committed 26288K, reserved 1073152K
  class space    used 3303K, capacity 3482K, committed 3584K, reserved 1048576K
}
Event: 2.230 GC heap after
{Heap after GC invocations=5 (full 0):
 garbage-first heap   total 129024K, used 19159K [0x0000000080000000, 0x0000000100000000)
  region size 1024K, 3 young (3072K), 3 survivors (3072K)
 Metaspace       used 25485K, capacity 26073K, committed 26288K, reserved 1073152K
  class space    used 3303K, capacity 3482K, committed 3584K, reserved 1048576K
}
Event: 2.835 GC heap before
{Heap before GC invocations=5 (full 0):
 garbage-first heap   total 129024K, used 83671K [0x0000000080000000, 0x0000000100000000)
  region size 1024K, 57 young (58368K), 3 survivors (3072K)
 Metaspace       used 30556K, capacity 31411K, committed 31536K, reserved 1077248K
  class space    used 4101K, capacity 4408K, committed 4480K, reserved 1048576K
}
Event: 2.839 GC heap after
{Heap after GC invocations=6 (full 0):
 garbage-first heap   total 129024K, used 32403K [0x0000000080000000, 0x0000000100000000)
  region size 1024K, 7 young (7168K), 7 survivors (7168K)
 Metaspace       used 30556K, capacity 31411K, committed 31536K, reserved 1077248K
  class space    used 4101K, capacity 4408K, committed 4480K, reserved 1048576K
}
Event: 3.176 GC heap before
{Heap before GC invocations=6 (full 0):
 garbage-first heap   total 129024K, used 52883K [0x0000000080000000, 0x0000000100000000)
  region size 1024K, 28 young (28672K), 7 survivors (7168K)
 Metaspace       used 34537K, capacity 35496K, committed 35632K, reserved 1079296K
  class space    used 4537K, capacity 4896K, committed 4992K, reserved 1048576K
}
Event: 3.186 GC heap after
{Heap after GC invocations=7 (full 0):
 garbage-first heap   total 129024K, used 34316K [0x0000000080000000, 0x0000000100000000)
  region size 1024K, 6 young (6144K), 6 survivors (6144K)
 Metaspace       used 34537K, capacity 35496K, committed 35632K, reserved 1079296K
  class space    used 4537K, capacity 4896K, committed 4992K, reserved 1048576K
}
Event: 3.797 GC heap before
{Heap before GC invocations=8 (full 0):
 garbage-first heap   total 129024K, used 85516K [0x0000000080000000, 0x0000000100000000)
  region size 1024K, 54 young (55296K), 6 survivors (6144K)
 Metaspace       used 40173K, capacity 41293K, committed 41416K, reserved 1085440K
  class space    used 5116K, capacity 5502K, committed 5504K, reserved 1048576K
}
Event: 3.805 GC heap after
{Heap after GC invocations=9 (full 0):
 garbage-first heap   total 155648K, used 39280K [0x0000000080000000, 0x0000000100000000)
  region size 1024K, 7 young (7168K), 7 survivors (7168K)
 Metaspace       used 40173K, capacity 41293K, committed 41416K, reserved 1085440K
  class space    used 5116K, capacity 5502K, committed 5504K, reserved 1048576K
}
Event: 4.408 GC heap before
{Heap before GC invocations=9 (full 0):
 garbage-first heap   total 155648K, used 101744K [0x0000000080000000, 0x0000000100000000)
  region size 1024K, 65 young (66560K), 7 survivors (7168K)
 Metaspace       used 45015K, capacity 46282K, committed 46408K, reserved 1089536K
  class space    used 5664K, capacity 6111K, committed 6144K, reserved 1048576K
}
Event: 4.415 GC heap after
{Heap after GC invocations=10 (full 0):
 garbage-first heap   total 155648K, used 46864K [0x0000000080000000, 0x0000000100000000)
  region size 1024K, 9 young (9216K), 9 survivors (9216K)
 Metaspace       used 45015K, capacity 46282K, committed 46408K, reserved 1089536K
  class space    used 5664K, capacity 6111K, committed 6144K, reserved 1048576K
}
Event: 4.865 GC heap before
{Heap before GC invocations=10 (full 0):
 garbage-first heap   total 155648K, used 109328K [0x0000000080000000, 0x0000000100000000)
  region size 1024K, 66 young (67584K), 9 survivors (9216K)
 Metaspace       used 47721K, capacity 49188K, committed 49480K, reserved 1091584K
  class space    used 6096K, capacity 6588K, committed 6656K, reserved 1048576K
}
Event: 4.872 GC heap after
{Heap after GC invocations=11 (full 0):
 garbage-first heap   total 155648K, used 55161K [0x0000000080000000, 0x0000000100000000)
  region size 1024K, 9 young (9216K), 9 survivors (9216K)
 Metaspace       used 47721K, capacity 49188K, committed 49480K, reserved 1091584K
  class space    used 6096K, capacity 6588K, committed 6656K, reserved 1048576K
}
Event: 5.602 GC heap before
{Heap before GC invocations=11 (full 0):
 garbage-first heap   total 155648K, used 111481K [0x0000000080000000, 0x0000000100000000)
  region size 1024K, 64 young (65536K), 9 survivors (9216K)
 Metaspace       used 50471K, capacity 52068K, committed 52168K, reserved 1095680K
  class space    used 6449K, capacity 6964K, committed 7040K, reserved 1048576K
}
Event: 5.613 GC heap after
{Heap after GC invocations=12 (full 0):
 garbage-first heap   total 155648K, used 59003K [0x0000000080000000, 0x0000000100000000)
  region size 1024K, 8 young (8192K), 8 survivors (8192K)
 Metaspace       used 50471K, capacity 52068K, committed 52168K, reserved 1095680K
  class space    used 6449K, capacity 6964K, committed 7040K, reserved 1048576K
}

