# JRE version: OpenJDK Runtime Environment (11.0.11+9) (build 11.0.11+9-b60-7590822)
# Java VM: OpenJDK 64-Bit Server VM (11.0.11+9-b60-7590822, mixed mode, tiered, compressed oops, g1 gc, windows-amd64)
Heap:
 garbage-first heap   total 732160K, used 303061K [0x0000000080000000, 0x0000000100000000)
  region size 1024K, 5 young (5120K), 5 survivors (5120K)
 Metaspace       used 90765K, capacity 93161K, committed 93260K, reserved 1130496K
  class space    used 11913K, capacity 12801K, committed 12876K, reserved 1048576K
GC Heap History (20 events):
Event: 11.674 GC heap after
{Heap after GC invocations=24 (full 0):
 garbage-first heap   total 270336K, used 119088K [0x0000000080000000, 0x0000000100000000)
  region size 1024K, 11 young (11264K), 11 survivors (11264K)
 Metaspace       used 87445K, capacity 89789K, committed 90060K, reserved 1126400K
  class space    used 11305K, capacity 12185K, committed 12236K, reserved 1048576K
}
Event: 11.730 GC heap before
{Heap before GC invocations=24 (full 0):
 garbage-first heap   total 270336K, used 135472K [0x0000000080000000, 0x0000000100000000)
  region size 1024K, 17 young (17408K), 11 survivors (11264K)
 Metaspace       used 88324K, capacity 90628K, committed 90700K, reserved 1128448K
  class space    used 11447K, capacity 12297K, committed 12364K, reserved 1048576K
}
Event: 11.738 GC heap after
{Heap after GC invocations=25 (full 0):
 garbage-first heap   total 270336K, used 127108K [0x0000000080000000, 0x0000000100000000)
  region size 1024K, 2 young (2048K), 2 survivors (2048K)
 Metaspace       used 88324K, capacity 90628K, committed 90700K, reserved 1128448K
  class space    used 11447K, capacity 12297K, committed 12364K, reserved 1048576K
}
Event: 12.039 GC heap before
{Heap before GC invocations=26 (full 0):
 garbage-first heap   total 270336K, used 201860K [0x0000000080000000, 0x0000000100000000)
  region size 1024K, 47 young (48128K), 2 survivors (2048K)
 Metaspace       used 88399K, capacity 90624K, committed 90956K, reserved 1128448K
  class space    used 11425K, capacity 12250K, committed 12364K, reserved 1048576K
}
Event: 12.057 GC heap after
{Heap after GC invocations=27 (full 0):
 garbage-first heap   total 270336K, used 163568K [0x0000000080000000, 0x0000000100000000)
  region size 1024K, 7 young (7168K), 7 survivors (7168K)
 Metaspace       used 88399K, capacity 90624K, committed 90956K, reserved 1128448K
  class space    used 11425K, capacity 12250K, committed 12364K, reserved 1048576K
}
Event: 12.261 GC heap before
{Heap before GC invocations=27 (full 0):
 garbage-first heap   total 270336K, used 200432K [0x0000000080000000, 0x0000000100000000)
  region size 1024K, 42 young (43008K), 7 survivors (7168K)
 Metaspace       used 88414K, capacity 90624K, committed 90956K, reserved 1128448K
  class space    used 11426K, capacity 12250K, committed 12364K, reserved 1048576K
}
Event: 12.291 GC heap after
{Heap after GC invocations=28 (full 0):
 garbage-first heap   total 270336K, used 180022K [0x0000000080000000, 0x0000000100000000)
  region size 1024K, 6 young (6144K), 6 survivors (6144K)
 Metaspace       used 88414K, capacity 90624K, committed 90956K, reserved 1128448K
  class space    used 11426K, capacity 12250K, committed 12364K, reserved 1048576K
}
Event: 12.486 GC heap before
{Heap before GC invocations=29 (full 0):
 garbage-first heap   total 270336K, used 211766K [0x0000000080000000, 0x0000000100000000)
  region size 1024K, 34 young (34816K), 6 survivors (6144K)
 Metaspace       used 90495K, capacity 92824K, committed 93004K, reserved 1130496K
  class space    used 11912K, capacity 12801K, committed 12876K, reserved 1048576K
}
Event: 12.524 GC heap after
{Heap after GC invocations=30 (full 0):
 garbage-first heap   total 270336K, used 195828K [0x0000000080000000, 0x0000000100000000)
  region size 1024K, 5 young (5120K), 5 survivors (5120K)
 Metaspace       used 90495K, capacity 92824K, committed 93004K, reserved 1130496K
  class space    used 11912K, capacity 12801K, committed 12876K, reserved 1048576K
}
Event: 12.686 GC heap before
{Heap before GC invocations=30 (full 0):
 garbage-first heap   total 270336K, used 216308K [0x0000000080000000, 0x0000000100000000)
  region size 1024K, 26 young (26624K), 5 survivors (5120K)
 Metaspace       used 90674K, capacity 93027K, committed 93260K, reserved 1130496K
  class space    used 11913K, capacity 12801K, committed 12876K, reserved 1048576K
}
Event: 12.707 GC heap after
{Heap after GC invocations=31 (full 0):
 garbage-first heap   total 270336K, used 206848K [0x0000000080000000, 0x0000000100000000)
  region size 1024K, 4 young (4096K), 4 survivors (4096K)
 Metaspace       used 90674K, capacity 93027K, committed 93260K, reserved 1130496K
  class space    used 11913K, capacity 12801K, committed 12876K, reserved 1048576K
}
Event: 12.786 GC heap before
{Heap before GC invocations=31 (full 0):
 garbage-first heap   total 270336K, used 222208K [0x0000000080000000, 0x0000000100000000)
  region size 1024K, 20 young (20480K), 4 survivors (4096K)
 Metaspace       used 90688K, capacity 93029K, committed 93260K, reserved 1130496K
  class space    used 11913K, capacity 12801K, committed 12876K, reserved 1048576K
}
Event: 12.806 GC heap after
{Heap after GC invocations=32 (full 0):
 garbage-first heap   total 390144K, used 215860K [0x0000000080000000, 0x0000000100000000)
  region size 1024K, 3 young (3072K), 3 survivors (3072K)
 Metaspace       used 90688K, capacity 93029K, committed 93260K, reserved 1130496K
  class space    used 11913K, capacity 12801K, committed 12876K, reserved 1048576K
}
Event: 13.092 GC heap before
{Heap before GC invocations=32 (full 0):
 garbage-first heap   total 390144K, used 269108K [0x0000000080000000, 0x0000000100000000)
  region size 1024K, 58 young (59392K), 3 survivors (3072K)
 Metaspace       used 90731K, capacity 93097K, committed 93260K, reserved 1130496K
  class space    used 11913K, capacity 12801K, committed 12876K, reserved 1048576K
}
Event: 13.129 GC heap after
{Heap after GC invocations=33 (full 0):
 garbage-first heap   total 390144K, used 242688K [0x0000000080000000, 0x0000000100000000)
  region size 1024K, 8 young (8192K), 8 survivors (8192K)
 Metaspace       used 90731K, capacity 93097K, committed 93260K, reserved 1130496K
  class space    used 11913K, capacity 12801K, committed 12876K, reserved 1048576K
}
Event: 13.336 GC heap before
{Heap before GC invocations=34 (full 0):
 garbage-first heap   total 390144K, used 288768K [0x0000000080000000, 0x0000000100000000)
  region size 1024K, 54 young (55296K), 8 survivors (8192K)
 Metaspace       used 90758K, capacity 93161K, committed 93260K, reserved 1130496K
  class space    used 11913K, capacity 12801K, committed 12876K, reserved 1048576K
}
Event: 13.372 GC heap after
{Heap after GC invocations=35 (full 0):
 garbage-first heap   total 390144K, used 268222K [0x0000000080000000, 0x0000000100000000)
  region size 1024K, 7 young (7168K), 7 survivors (7168K)
 Metaspace       used 90758K, capacity 93161K, committed 93260K, reserved 1130496K
  class space    used 11913K, capacity 12801K, committed 12876K, reserved 1048576K
}
Event: 13.482 GC heap before
{Heap before GC invocations=35 (full 0):
 garbage-first heap   total 390144K, used 304062K [0x0000000080000000, 0x0000000100000000)
  region size 1024K, 43 young (44032K), 7 survivors (7168K)
 Metaspace       used 90764K, capacity 93161K, committed 93260K, reserved 1130496K
  class space    used 11913K, capacity 12801K, committed 12876K, reserved 1048576K
}
Event: 13.514 GC heap after
{Heap after GC invocations=36 (full 0):
 garbage-first heap   total 390144K, used 287744K [0x0000000080000000, 0x0000000100000000)
  region size 1024K, 6 young (6144K), 6 survivors (6144K)
 Metaspace       used 90764K, capacity 93161K, committed 93260K, reserved 1130496K
  class space    used 11913K, capacity 12801K, committed 12876K, reserved 1048576K
}
Event: 13.687 GC heap before
{Heap before GC invocations=36 (full 0):
 garbage-first heap   total 390144K, used 316416K [0x0000000080000000, 0x0000000100000000)
  region size 1024K, 34 young (34816K), 6 survivors (6144K)
 Metaspace       used 90765K, capacity 93161K, committed 93260K, reserved 1130496K
  class space    used 11913K, capacity 12801K, committed 12876K, reserved 1048576K
}

