# JRE version: OpenJDK Runtime Environment (11.0.11+9) (build 11.0.11+9-b60-7590822)
# Java VM: OpenJDK 64-Bit Server VM (11.0.11+9-b60-7590822, mixed mode, tiered, compressed oops, g1 gc, windows-amd64)
Heap:
 garbage-first heap   total 155648K, used 108163K [0x0000000080000000, 0x0000000100000000)
  region size 1024K, 62 young (63488K), 8 survivors (8192K)
 Metaspace       used 50097K, capacity 51554K, committed 51712K, reserved 1093632K
  class space    used 6429K, capacity 6904K, committed 6912K, reserved 1048576K
GC Heap History (18 events):
Event: 0.549 GC heap before
{Heap before GC invocations=0 (full 0):
 garbage-first heap   total 129024K, used 29696K [0x0000000080000000, 0x0000000100000000)
  region size 1024K, 24 young (24576K), 0 survivors (0K)
 Metaspace       used 9856K, capacity 10050K, committed 10112K, reserved 1058816K
  class space    used 1028K, capacity 1102K, committed 1152K, reserved 1048576K
}
Event: 0.554 GC heap after
{Heap after GC invocations=1 (full 0):
 garbage-first heap   total 129024K, used 9361K [0x0000000080000000, 0x0000000100000000)
  region size 1024K, 3 young (3072K), 3 survivors (3072K)
 Metaspace       used 9856K, capacity 10050K, committed 10112K, reserved 1058816K
  class space    used 1028K, capacity 1102K, committed 1152K, reserved 1048576K
}
Event: 1.716 GC heap before
{Heap before GC invocations=1 (full 0):
 garbage-first heap   total 129024K, used 83089K [0x0000000080000000, 0x0000000100000000)
  region size 1024K, 75 young (76800K), 3 survivors (3072K)
 Metaspace       used 17885K, capacity 18291K, committed 18432K, reserved 1064960K
  class space    used 2112K, capacity 2266K, committed 2304K, reserved 1048576K
}
Event: 1.722 GC heap after
{Heap after GC invocations=2 (full 0):
 garbage-first heap   total 129024K, used 16362K [0x0000000080000000, 0x0000000100000000)
  region size 1024K, 10 young (10240K), 10 survivors (10240K)
 Metaspace       used 17885K, capacity 18291K, committed 18432K, reserved 1064960K
  class space    used 2112K, capacity 2266K, committed 2304K, reserved 1048576K
}
Event: 1.881 GC heap before
{Heap before GC invocations=2 (full 0):
 garbage-first heap   total 129024K, used 39914K [0x0000000080000000, 0x0000000100000000)
  region size 1024K, 34 young (34816K), 10 survivors (10240K)
 Metaspace       used 20629K, capacity 21080K, committed 21248K, reserved 1067008K
  class space    used 2528K, capacity 2706K, committed 2816K, reserved 1048576K
}
Event: 1.889 GC heap after
{Heap after GC invocations=3 (full 0):
 garbage-first heap   total 129024K, used 17204K [0x0000000080000000, 0x0000000100000000)
  region size 1024K, 1 young (1024K), 1 survivors (1024K)
 Metaspace       used 20629K, capacity 21080K, committed 21248K, reserved 1067008K
  class space    used 2528K, capacity 2706K, committed 2816K, reserved 1048576K
}
Event: 2.328 GC heap before
{Heap before GC invocations=4 (full 0):
 garbage-first heap   total 129024K, used 68404K [0x0000000080000000, 0x0000000100000000)
  region size 1024K, 51 young (52224K), 1 survivors (1024K)
 Metaspace       used 25862K, capacity 26514K, committed 26752K, reserved 1073152K
  class space    used 3365K, capacity 3587K, committed 3712K, reserved 1048576K
}
Event: 2.331 GC heap after
{Heap after GC invocations=5 (full 0):
 garbage-first heap   total 129024K, used 19059K [0x0000000080000000, 0x0000000100000000)
  region size 1024K, 3 young (3072K), 3 survivors (3072K)
 Metaspace       used 25862K, capacity 26514K, committed 26752K, reserved 1073152K
  class space    used 3365K, capacity 3587K, committed 3712K, reserved 1048576K
}
Event: 2.852 GC heap before
{Heap before GC invocations=5 (full 0):
 garbage-first heap   total 129024K, used 84595K [0x0000000080000000, 0x0000000100000000)
  region size 1024K, 58 young (59392K), 3 survivors (3072K)
 Metaspace       used 30862K, capacity 31796K, committed 31872K, reserved 1077248K
  class space    used 4156K, capacity 4473K, committed 4480K, reserved 1048576K
}
Event: 2.857 GC heap after
{Heap after GC invocations=6 (full 0):
 garbage-first heap   total 129024K, used 32272K [0x0000000080000000, 0x0000000100000000)
  region size 1024K, 7 young (7168K), 7 survivors (7168K)
 Metaspace       used 30862K, capacity 31796K, committed 31872K, reserved 1077248K
  class space    used 4156K, capacity 4473K, committed 4480K, reserved 1048576K
}
Event: 3.113 GC heap before
{Heap before GC invocations=6 (full 0):
 garbage-first heap   total 129024K, used 48656K [0x0000000080000000, 0x0000000100000000)
  region size 1024K, 24 young (24576K), 7 survivors (7168K)
 Metaspace       used 34689K, capacity 35711K, committed 35840K, reserved 1081344K
  class space    used 4554K, capacity 4926K, committed 4992K, reserved 1048576K
}
Event: 3.124 GC heap after
{Heap after GC invocations=7 (full 0):
 garbage-first heap   total 129024K, used 34110K [0x0000000080000000, 0x0000000100000000)
  region size 1024K, 6 young (6144K), 6 survivors (6144K)
 Metaspace       used 34689K, capacity 35711K, committed 35840K, reserved 1081344K
  class space    used 4554K, capacity 4926K, committed 4992K, reserved 1048576K
}
Event: 3.637 GC heap before
{Heap before GC invocations=8 (full 0):
 garbage-first heap   total 129024K, used 83262K [0x0000000080000000, 0x0000000100000000)
  region size 1024K, 52 young (53248K), 6 survivors (6144K)
 Metaspace       used 40262K, capacity 41343K, committed 41600K, reserved 1085440K
  class space    used 5113K, capacity 5497K, committed 5504K, reserved 1048576K
}
Event: 3.650 GC heap after
{Heap after GC invocations=9 (full 0):
 garbage-first heap   total 129024K, used 38758K [0x0000000080000000, 0x0000000100000000)
  region size 1024K, 7 young (7168K), 7 survivors (7168K)
 Metaspace       used 40262K, capacity 41343K, committed 41600K, reserved 1085440K
  class space    used 5113K, capacity 5497K, committed 5504K, reserved 1048576K
}
Event: 4.079 GC heap before
{Heap before GC invocations=10 (full 0):
 garbage-first heap   total 129024K, used 87910K [0x0000000080000000, 0x0000000100000000)
  region size 1024K, 53 young (54272K), 7 survivors (7168K)
 Metaspace       used 43331K, capacity 44604K, committed 44800K, reserved 1087488K
  class space    used 5568K, capacity 6043K, committed 6144K, reserved 1048576K
}
Event: 4.088 GC heap after
{Heap after GC invocations=11 (full 0):
 garbage-first heap   total 155648K, used 45499K [0x0000000080000000, 0x0000000100000000)
  region size 1024K, 5 young (5120K), 5 survivors (5120K)
 Metaspace       used 43331K, capacity 44604K, committed 44800K, reserved 1087488K
  class space    used 5568K, capacity 6043K, committed 6144K, reserved 1048576K
}
Event: 4.542 GC heap before
{Heap before GC invocations=11 (full 0):
 garbage-first heap   total 155648K, used 107963K [0x0000000080000000, 0x0000000100000000)
  region size 1024K, 61 young (62464K), 5 survivors (5120K)
 Metaspace       used 46946K, capacity 48301K, committed 48512K, reserved 1091584K
  class space    used 5965K, capacity 6440K, committed 6528K, reserved 1048576K
}
Event: 4.547 GC heap after
{Heap after GC invocations=12 (full 0):
 garbage-first heap   total 155648K, used 53891K [0x0000000080000000, 0x0000000100000000)
  region size 1024K, 8 young (8192K), 8 survivors (8192K)
 Metaspace       used 46946K, capacity 48301K, committed 48512K, reserved 1091584K
  class space    used 5965K, capacity 6440K, committed 6528K, reserved 1048576K
}

