# JRE version: OpenJDK Runtime Environment (11.0.11+9) (build 11.0.11+9-b60-7590822)
# Java VM: OpenJDK 64-Bit Server VM (11.0.11+9-b60-7590822, mixed mode, tiered, compressed oops, g1 gc, windows-amd64)
Heap:
 garbage-first heap   total 155648K, used 18654K [0x0000000080000000, 0x0000000100000000)
  region size 1024K, 4 young (4096K), 4 survivors (4096K)
 Metaspace       used 25967K, capacity 26600K, committed 26752K, reserved 1073152K
  class space    used 3381K, capacity 3595K, committed 3712K, reserved 1048576K
GC Heap History (9 events):
Event: 0.554 GC heap before
{Heap before GC invocations=0 (full 0):
 garbage-first heap   total 129024K, used 29696K [0x0000000080000000, 0x0000000100000000)
  region size 1024K, 24 young (24576K), 0 survivors (0K)
 Metaspace       used 9855K, capacity 10050K, committed 10112K, reserved 1058816K
  class space    used 1028K, capacity 1102K, committed 1152K, reserved 1048576K
}
Event: 0.559 GC heap after
{Heap after GC invocations=1 (full 0):
 garbage-first heap   total 129024K, used 9047K [0x0000000080000000, 0x0000000100000000)
  region size 1024K, 3 young (3072K), 3 survivors (3072K)
 Metaspace       used 9855K, capacity 10050K, committed 10112K, reserved 1058816K
  class space    used 1028K, capacity 1102K, committed 1152K, reserved 1048576K
}
Event: 0.762 GC heap before
{Heap before GC invocations=1 (full 0):
 garbage-first heap   total 129024K, used 27479K [0x0000000080000000, 0x0000000100000000)
  region size 1024K, 21 young (21504K), 3 survivors (3072K)
 Metaspace       used 10788K, capacity 11005K, committed 11264K, reserved 1058816K
  class space    used 1130K, capacity 1207K, committed 1280K, reserved 1048576K
}
Event: 0.766 GC heap after
{Heap after GC invocations=2 (full 0):
 garbage-first heap   total 129024K, used 9551K [0x0000000080000000, 0x0000000100000000)
  region size 1024K, 1 young (1024K), 1 survivors (1024K)
 Metaspace       used 10788K, capacity 11005K, committed 11264K, reserved 1058816K
  class space    used 1130K, capacity 1207K, committed 1280K, reserved 1048576K
}
Event: 1.804 GC heap before
{Heap before GC invocations=2 (full 0):
 garbage-first heap   total 129024K, used 60751K [0x0000000080000000, 0x0000000100000000)
  region size 1024K, 51 young (52224K), 1 survivors (1024K)
 Metaspace       used 17535K, capacity 17959K, committed 18176K, reserved 1064960K
  class space    used 2044K, capacity 2198K, committed 2304K, reserved 1048576K
}
Event: 1.809 GC heap after
{Heap after GC invocations=3 (full 0):
 garbage-first heap   total 129024K, used 16115K [0x0000000080000000, 0x0000000100000000)
  region size 1024K, 7 young (7168K), 7 survivors (7168K)
 Metaspace       used 17535K, capacity 17959K, committed 18176K, reserved 1064960K
  class space    used 2044K, capacity 2198K, committed 2304K, reserved 1048576K
}
Event: 2.044 GC heap before
{Heap before GC invocations=3 (full 0):
 garbage-first heap   total 129024K, used 44787K [0x0000000080000000, 0x0000000100000000)
  region size 1024K, 36 young (36864K), 7 survivors (7168K)
 Metaspace       used 20634K, capacity 21080K, committed 21248K, reserved 1067008K
  class space    used 2528K, capacity 2706K, committed 2816K, reserved 1048576K
}
Event: 2.051 GC heap after
{Heap after GC invocations=4 (full 0):
 garbage-first heap   total 129024K, used 16869K [0x0000000080000000, 0x0000000100000000)
  region size 1024K, 2 young (2048K), 2 survivors (2048K)
 Metaspace       used 20634K, capacity 21080K, committed 21248K, reserved 1067008K
  class space    used 2528K, capacity 2706K, committed 2816K, reserved 1048576K
}
Event: 2.551 GC heap before
{Heap before GC invocations=5 (full 0):
 garbage-first heap   total 129024K, used 68069K [0x0000000080000000, 0x0000000100000000)
  region size 1024K, 52 young (53248K), 2 survivors (2048K)
 Metaspace       used 25967K, capacity 26600K, committed 26752K, reserved 1073152K
  class space    used 3381K, capacity 3595K, committed 3712K, reserved 1048576K
}

